#"Step","Time (ps)","Potential Energy (kJ/mole)","Temperature (K)"
100,0.20000000000000015,-148592.5685623932,54.242102075287605
200,0.4000000000000003,-145647.66443701106,97.66236234028919
300,0.6000000000000004,-143119.0514821732,134.69287301476933
400,0.8000000000000006,-141275.15566853844,165.98569517557124
500,1.0000000000000007,-139458.11508539197,186.81731555086077
600,1.2000000000000008,-138057.60293947833,206.73879883499725
700,1.400000000000001,-136707.23893535684,220.36733041168543
800,1.6000000000000012,-135639.5060849148,233.87390415370405
900,1.8000000000000014,-135260.23024111826,251.4510871490697
1000,2.0000000000000013,-134267.12625187865,256.13575903494393
1100,2.1999999999999793,-133337.6047878657,259.84840338150747
1200,2.3999999999999573,-132967.1515067162,268.46219861318065
1300,2.5999999999999353,-132537.02740667926,273.7462037999374
1400,2.7999999999999132,-132262.1864276852,279.4991900399687
1500,2.999999999999891,-131779.9678190524,280.11628529389213
1600,3.199999999999869,-131215.14398070154,283.1664330227538
1700,3.399999999999847,-131352.14702927382,288.7019782550416
1800,3.599999999999825,-130861.04713524716,288.15075780832245
1900,3.799999999999803,-130489.3751331336,289.14398053467613
2000,3.999999999999781,-130524.08068469961,292.59004894587883
2100,4.1999999999997595,-130209.16505349026,289.26783304243514
2200,4.3999999999997375,-130107.8565674907,288.7241443761603
2300,4.599999999999715,-130184.15108634382,288.8463012451853
2400,4.799999999999693,-129531.25698241289,288.0102333301434
2500,4.999999999999671,-129938.62281513984,294.35603022789314
2600,5.199999999999649,-129707.09998657163,291.21886012852144
2700,5.399999999999627,-129875.56222618697,291.2470879736851
2800,5.599999999999605,-130174.80969984898,296.49246716451285
2900,5.799999999999583,-129781.03635043839,288.95787356014193
3000,5.999999999999561,-130027.02030057537,295.11462986894503
3100,6.199999999999539,-130036.0425280386,295.06112557466514
3200,6.399999999999517,-129613.76281086195,293.69482602526705
3300,6.599999999999495,-129391.68203427234,292.0795604120715
3400,6.799999999999473,-129663.98018014916,301.1135831608235
3500,6.999999999999451,-129440.10002567201,296.3662973742257
3600,7.199999999999429,-129585.3828803632,300.66330350433356
3700,7.399999999999407,-128866.55348946077,290.6618155510234
3800,7.599999999999385,-128903.08454956915,293.3390741636189
3900,7.799999999999363,-129304.15782644587,299.7725456616943
4000,7.999999999999341,-129010.83041556443,296.8981224214023
4100,8.199999999999408,-128817.1826924426,296.09611505138906
4200,8.399999999999475,-128854.7343917971,297.4504427627169
4300,8.599999999999541,-128893.36017880002,300.3374884098422
4400,8.799999999999608,-128835.71888784076,301.0702748371543
4500,8.999999999999675,-128588.61042563737,301.20031353626416
4600,9.199999999999742,-128695.13660861299,301.4977571046881
4700,9.399999999999809,-128438.69957073014,300.14208333947073
4800,9.599999999999875,-128385.01610541192,296.40453102404115
4900,9.799999999999942,-128521.28496781088,294.3570091974257
5000,10.000000000000009,-129220.964384086,305.187713554717
5100,10.200000000000076,-128947.91719821598,300.49078279995945
5200,10.400000000000142,-128889.29757097067,296.5384389965856
5300,10.60000000000021,-129256.50133223001,299.40598474452486
5400,10.800000000000276,-129055.80298638617,299.99787513723857
5500,11.000000000000343,-129350.09917032161,300.8811092532709
5600,11.20000000000041,-129351.9430152816,299.7053531023072
5700,11.400000000000476,-129201.51510486721,294.85499450250336
5800,11.600000000000543,-129019.55717626498,298.1119762395333
5900,11.80000000000061,-129075.97237014983,301.86873530839375
6000,12.000000000000677,-128511.93558622336,296.8530789239235
6100,12.200000000000744,-129008.5912409813,305.8707869964476
6200,12.40000000000081,-128097.96719359561,289.4943566668124
6300,12.600000000000877,-129046.07845734205,304.25918198204874
6400,12.800000000000944,-129033.87177105347,301.02081281174236
6500,13.00000000000101,-129000.41141890238,300.81418374502306
6600,13.200000000001078,-128669.88757078012,299.2953729176575
6700,13.400000000001144,-129267.05715803898,303.9145257009729
6800,13.600000000001211,-128873.03263220945,298.8002506367019
6900,13.800000000001278,-128548.8764283537,298.2653475848486
7000,14.000000000001345,-128723.76948960451,302.94286566918197
7100,14.200000000001411,-128593.19266753468,299.59974983804426
7200,14.400000000001478,-128712.6723567357,302.8570268391791
7300,14.600000000001545,-128710.06609855148,301.89691189132094
7400,14.800000000001612,-128789.8357274339,301.351284062643
7500,15.000000000001679,-128493.59916931158,298.495696834869
7600,15.200000000001745,-128530.33036072482,298.61736094509973
7700,15.400000000001812,-128667.96363091047,302.7241141015839
7800,15.600000000001879,-128411.42625426699,300.8684114612509
7900,15.800000000001946,-128562.088778865,306.6267271119384
8000,16.00000000000201,-128533.38013831215,301.8911240714617
8100,16.2000000000019,-128522.1530470531,296.05937935380626
8200,16.40000000000179,-129094.72854157761,300.6613537886068
8300,16.60000000000168,-128903.57981428601,297.2025679047188
8400,16.800000000001567,-129094.07205120225,297.4734568234081
8500,17.000000000001457,-129205.02343984557,303.07176810347397
8600,17.200000000001346,-129116.68740549998,297.8132669700822
8700,17.400000000001235,-129292.92232502822,300.9708470658496
8800,17.600000000001124,-129171.00224527615,297.48833147075624
8900,17.800000000001013,-129178.26190804916,296.2143606002001
9000,18.000000000000902,-129386.66332067773,300.62941275795373
9100,18.20000000000079,-129106.39596558284,295.29019814921935
9200,18.40000000000068,-129199.08174608421,294.40523611091936
9300,18.60000000000057,-129222.40158750255,296.8240118397701
9400,18.80000000000046,-129553.25054914661,299.6514534330251
9500,19.000000000000348,-129168.02365557161,298.79708775462257
9600,19.200000000000237,-129603.46938775884,304.3335268930632
9700,19.400000000000126,-129230.15579270513,297.9916013025202
9800,19.600000000000016,-129446.31424935267,298.6330307339403
9900,19.799999999999905,-129629.34814294238,301.48443551182777
10000,19.999999999999794,-129773.39655592231,301.5721362388712
