#"Step","Time (ps)","Potential Energy (kJ/mole)","Temperature (K)"
100,0.20000000000000015,-148443.56590832782,55.29099269837592
200,0.4000000000000003,-145626.80594903207,100.88530527782898
300,0.6000000000000004,-143013.70582857786,134.37983309310297
400,0.8000000000000006,-141474.8786607344,168.94496076980892
500,1.0000000000000007,-139695.14155103642,189.55572942658415
600,1.2000000000000008,-138095.91446235505,205.45599680506254
700,1.400000000000001,-137163.04098224253,222.79960252427767
800,1.6000000000000012,-136142.07893378555,236.68629804614463
900,1.8000000000000014,-135273.41475175926,249.61936128922682
1000,2.0000000000000013,-134201.82643482048,254.57115777542626
1100,2.1999999999999793,-133760.41222108854,264.1943820428509
1200,2.3999999999999573,-132762.92054502736,264.981823162417
1300,2.5999999999999353,-132791.0237350438,271.8140615958643
1400,2.7999999999999132,-132120.92553515086,272.18082964631145
1500,2.999999999999891,-132092.58332903284,277.67316763006
1600,3.199999999999869,-131698.40688981197,278.12576497095966
1700,3.399999999999847,-131927.7105601524,288.0335708168625
1800,3.599999999999825,-131616.15409671693,286.02322948976536
1900,3.799999999999803,-131346.73474148774,288.4298660988421
2000,3.999999999999781,-130685.18813774968,284.42775723572316
2100,4.1999999999997595,-130862.38304466111,288.8053857386196
2200,4.3999999999997375,-131122.37988280956,291.88419039541355
2300,4.599999999999715,-130696.79491380193,288.3065802469117
2400,4.799999999999693,-130838.24395811924,293.2389731701071
2500,4.999999999999671,-130264.32106067544,292.28614486492927
2600,5.199999999999649,-130429.59625870454,296.1115478323489
2700,5.399999999999627,-130236.39033684426,293.30848683296983
2800,5.599999999999605,-130059.84007483577,293.1857511603757
2900,5.799999999999583,-130298.76987749212,297.9606347809075
3000,5.999999999999561,-130037.55958959834,295.0232550892084
3100,6.199999999999539,-129907.42788779824,297.9081219557889
3200,6.399999999999517,-129852.59097035714,301.25958797727316
3300,6.599999999999495,-129420.09985705114,301.35775743432015
3400,6.799999999999473,-129427.1941156415,304.67694953915736
3500,6.999999999999451,-129364.52181908095,307.40874837935144
3600,7.199999999999429,-129349.3943656094,305.0787829677453
3700,7.399999999999407,-129117.05010261576,301.74073881910124
3800,7.599999999999385,-129150.6430822733,305.57263346576866
3900,7.799999999999363,-129101.97707097065,303.23523341111746
4000,7.999999999999341,-128921.68671357207,302.99739568100154
4100,8.199999999999408,-129239.4493330253,303.64046220933443
4200,8.399999999999475,-129645.56451305051,311.60600213535497
4300,8.599999999999541,-129008.44156276436,302.57430303765955
4400,8.799999999999608,-129110.36558917156,299.7110559795271
4500,8.999999999999675,-129680.61447943804,302.13827210041995
4600,9.199999999999742,-129423.26516846429,299.50577136207386
4700,9.399999999999809,-129641.77050599383,304.66419992424915
4800,9.599999999999875,-129558.72570660865,296.43047744985137
4900,9.799999999999942,-129948.01211245016,296.6337311121483
5000,10.000000000000009,-129721.78600517807,293.18636638389484
5100,10.200000000000076,-129826.10055429429,298.10868904654006
5200,10.400000000000142,-129672.33127214496,301.4202348860243
5300,10.60000000000021,-129692.96696795212,300.61655694643025
5400,10.800000000000276,-129757.05313773216,300.85254131266066
5500,11.000000000000343,-129566.25334369566,295.0783266753288
5600,11.20000000000041,-129840.6274620684,298.20920937527563
5700,11.400000000000476,-129943.41557911524,296.8817787582467
5800,11.600000000000543,-130317.63643059526,300.7929118069367
5900,11.80000000000061,-130005.40112329012,297.7187198403418
6000,12.000000000000677,-130125.5206259724,300.73707163711555
6100,12.200000000000744,-129955.9544661066,301.2773951751852
6200,12.40000000000081,-129947.31978010923,303.1103599044476
6300,12.600000000000877,-129788.55004165096,299.77307472567134
6400,12.800000000000944,-129616.09819611248,298.5946869403065
6500,13.00000000000101,-130183.30308971758,304.09197959541837
6600,13.200000000001078,-129886.30628981833,300.2849222799077
6700,13.400000000001144,-129878.2826472918,302.3051417855356
6800,13.600000000001211,-129982.40074358977,298.2291103666067
6900,13.800000000001278,-129758.09475972468,297.4778814065203
7000,14.000000000001345,-129816.91432423542,295.9064071974369
7100,14.200000000001411,-130337.3104598391,299.46056087300263
7200,14.400000000001478,-130110.09611579914,295.9353335062493
7300,14.600000000001545,-130253.42497812553,304.0642533839169
7400,14.800000000001612,-129822.82075015087,299.6392415556036
7500,15.000000000001679,-129854.1906190284,297.6787804881054
7600,15.200000000001745,-129777.31806754124,294.6856890435876
7700,15.400000000001812,-129826.8584603726,302.6089497481307
7800,15.600000000001879,-129633.25319124568,299.12423452092673
7900,15.800000000001946,-129577.03709160897,299.7723118271574
8000,16.00000000000201,-129941.83581560517,305.50970973122713
8100,16.2000000000019,-129466.93337245165,301.150616580217
8200,16.40000000000179,-129509.2953731831,297.4879249786137
8300,16.60000000000168,-129572.32461697189,295.31963816129667
8400,16.800000000001567,-130018.41792709591,301.13112450458766
8500,17.000000000001457,-129907.90376666874,299.6244686554089
8600,17.200000000001346,-129830.18696526892,297.3641427617236
8700,17.400000000001235,-130002.57470536766,299.09387818836854
8800,17.600000000001124,-130496.87560142158,303.3411829590535
8900,17.800000000001013,-130115.68371354205,299.69044110921106
9000,18.000000000000902,-130725.37983055788,302.7668726730497
9100,18.20000000000079,-130288.21443592306,301.88290412035207
9200,18.40000000000068,-130458.315740529,304.781116581791
9300,18.60000000000057,-130673.23712380914,308.233513328874
9400,18.80000000000046,-129776.49358307138,296.30270217504795
9500,19.000000000000348,-130201.99843994716,302.55170682521464
9600,19.200000000000237,-130345.36251920294,301.23299487893127
9700,19.400000000000126,-130045.18884764375,296.4357563628318
9800,19.600000000000016,-130262.64575821886,301.69006953779535
9900,19.799999999999905,-130488.91234157242,308.73834503249907
10000,19.999999999999794,-129877.40262248389,304.32006582264506
